iMPACT Version: Jun 20 2011 20:55:45

iMPACT log file Started on Sat May 25 07:43:50 2013

Preference Table
Name                 Setting             
StartupClock         Auto_Correction     
AutoSignature        False               
KeepSVF              False               
ConcurrentMode       False               
UseHighz             False               
ConfigOnFailure      Stop                
UserLevel            Novice              
MessageLevel         Detailed            
svfUseTime           false               
SpiByteSwap          Auto_Correction     
AutoInfer            false               
SvfPlayDisplayComments false               
Enumerating cables. Please wait.
 Using windrvr6 driver.
Connecting to cable (Usb Port - USB21).
Checking cable driver.
 libusb-driver.so version: 2011-12-12 09:47:45.
=======================================================
Found cable - > ESN not available for this cable.
No ESN.
=======================================================
 Using windrvr6 driver.
Connecting to cable (Usb Port - USB22).
Checking cable driver.
 libusb-driver.so version: 2011-12-12 09:47:45.
ERROR:iMPACT - Cable not found, ESN: 00000000000000
'1': Loading file 'top.bit' ...
done.
INFO:iMPACT:1777 - 
   Reading /opt/Xilinx/13.2/ISE_DS/ISE/spartan3/data/xc3s1000.bsd...
INFO:iMPACT:2257 - Startup Clock has been changed to 'JtagClk' in the bitstream   stored in memory,
   but the original bitstream file remains unchanged.
UserID read from the bitstream file = 0xFFFFFFFF.
INFO:iMPACT:501 - '1': Added Device xc3s1000 successfully.
----------------------------------------------------------------------
----------------------------------------------------------------------
INFO:iMPACT - Failed to open file: -- File ? --, replace with 'bypass'.
INFO:iMPACT:1777 - 
   Reading /opt/Xilinx/13.2/ISE_DS/ISE/xcf/data/xcf04s.bsd...
INFO:iMPACT:501 - '2': Added Device xcf04s successfully.
----------------------------------------------------------------------
----------------------------------------------------------------------
Active mode is BS
ERROR:iMPACT - This function requires that a target is opened first.
INFO:iMPACT - Digilent Plugin: no JTAG device was found.
AutoDetecting cable. Please wait.
 Using windrvr6 driver.
Connecting to cable (Usb Port - USB21).
Checking cable driver.
File version of /opt/Xilinx/13.2/ISE_DS/ISE/bin/lin64/xusbdfwu.hex = 1030.
File version of /etc/hotplug/usb/xusbdfwu.fw/xusbdfwu.hex = 1030.
 libusb-driver.so version: 2011-12-12 09:47:45.
 Cable PID = 0008.
 Max current requested during enumeration is 280 mA.
Type = 0x0605.
 Cable Type = 3, Revision = 0.
 Setting cable speed to 6 MHz.
Cable connection established.
Firmware version = 1100.
File version of /opt/Xilinx/13.2/ISE_DS/ISE/data/xusbdfwu.hex = 1100.
Firmware hex file version = 1100.
PLD file version = 0012h.
 PLD version = 0012h.
Type = 0x0605.
ESN not available for this cable.
Maximum TCK operating frequency for this device chain: 15000000.
Validating chain...
Boundary-scan chain validated successfully.
'1': Programming device...
 Match_cycle = NoWait.
Match cycle: NoWait
 LCK_cycle = NoWait.
LCK cycle: NoWait
done.
INFO:iMPACT:2219 - Status register values:
INFO:iMPACT - 0011 0111 0001 1000 0000 0000 0000 0000 
INFO:iMPACT:579 - '1': Completed downloading bit file to device.
INFO:iMPACT:188 - '1': Programming completed successfully.
 Match_cycle = NoWait.
Match cycle: NoWait
 LCK_cycle = NoWait.
LCK cycle: NoWait
INFO:iMPACT - '1': Checking done pin....done.
'1': Programmed successfully.
Elapsed time =      1 sec.
----------------------------------------------------------------------
----------------------------------------------------------------------
